Connecting to database specified by database.yml
  [1m[36m (0.3ms)[0m  [1mselect sqlite_version(*)[0m
  [1m[35m (45.1ms)[0m  CREATE TABLE "schema_migrations" ("version" varchar(255) NOT NULL) 
  [1m[36m (19.9ms)[0m  [1mCREATE UNIQUE INDEX "unique_schema_migrations" ON "schema_migrations" ("version")[0m
  [1m[35m (0.3ms)[0m  SELECT "schema_migrations"."version" FROM "schema_migrations" 
Connecting to database specified by database.yml
Connecting to database specified by database.yml
  [1m[36m (0.4ms)[0m  [1mSELECT "schema_migrations"."version" FROM "schema_migrations" [0m
Migrating to CreateMovies (20111119180638)
  [1m[35m (0.2ms)[0m  select sqlite_version(*)
  [1m[36m (0.2ms)[0m  [1mbegin transaction[0m
  [1m[35m (3.7ms)[0m  CREATE TABLE "movies" ("id" INTEGER PRIMARY KEY AUTOINCREMENT NOT NULL, "title" varchar(255), "rating" varchar(255), "description" text, "release_date" datetime, "created_at" datetime NOT NULL, "updated_at" datetime NOT NULL) 
  [1m[36m (0.3ms)[0m  [1mINSERT INTO "schema_migrations" ("version") VALUES ('20111119180638')[0m
  [1m[35m (170.0ms)[0m  commit transaction
Migrating to AddDirectorToMovies (20131128215104)
  [1m[36m (0.2ms)[0m  [1mbegin transaction[0m
  [1m[35m (1.0ms)[0m  ALTER TABLE "movies" ADD "director" varchar(255)
  [1m[36m (0.3ms)[0m  [1mINSERT INTO "schema_migrations" ("version") VALUES ('20131128215104')[0m
  [1m[35m (37.6ms)[0m  commit transaction
  [1m[36m (0.2ms)[0m  [1mSELECT "schema_migrations"."version" FROM "schema_migrations" [0m
Connecting to database specified by database.yml
  [1m[36m (0.3ms)[0m  [1mSELECT "schema_migrations"."version" FROM "schema_migrations" [0m
  [1m[35m (1.6ms)[0m  select sqlite_version(*)
  [1m[36m (21.3ms)[0m  [1mCREATE TABLE "movies" ("id" INTEGER PRIMARY KEY AUTOINCREMENT NOT NULL, "title" varchar(255), "rating" varchar(255), "description" text, "release_date" datetime, "created_at" datetime NOT NULL, "updated_at" datetime NOT NULL, "director" varchar(255)) [0m
  [1m[35m (31.8ms)[0m  CREATE TABLE "schema_migrations" ("version" varchar(255) NOT NULL) 
  [1m[36m (14.1ms)[0m  [1mCREATE UNIQUE INDEX "unique_schema_migrations" ON "schema_migrations" ("version")[0m
  [1m[35m (0.2ms)[0m  SELECT version FROM "schema_migrations"
  [1m[36m (27.8ms)[0m  [1mINSERT INTO "schema_migrations" (version) VALUES ('20131128215104')[0m
  [1m[35m (37.6ms)[0m  INSERT INTO "schema_migrations" (version) VALUES ('20111119180638')
Connecting to database specified by database.yml
  [1m[36m (0.3ms)[0m  [1mSELECT "schema_migrations"."version" FROM "schema_migrations" [0m
  [1m[35m (0.7ms)[0m  select sqlite_version(*)
  [1m[36m (30.9ms)[0m  [1mCREATE TABLE "movies" ("id" INTEGER PRIMARY KEY AUTOINCREMENT NOT NULL, "title" varchar(255), "rating" varchar(255), "description" text, "release_date" datetime, "created_at" datetime NOT NULL, "updated_at" datetime NOT NULL, "director" varchar(255)) [0m
  [1m[35m (25.3ms)[0m  CREATE TABLE "schema_migrations" ("version" varchar(255) NOT NULL) 
  [1m[36m (27.3ms)[0m  [1mCREATE UNIQUE INDEX "unique_schema_migrations" ON "schema_migrations" ("version")[0m
  [1m[35m (2.2ms)[0m  SELECT version FROM "schema_migrations"
  [1m[36m (28.3ms)[0m  [1mINSERT INTO "schema_migrations" (version) VALUES ('20131128215104')[0m
  [1m[35m (27.4ms)[0m  INSERT INTO "schema_migrations" (version) VALUES ('20111119180638')
Connecting to database specified by database.yml
  [1m[36m (0.2ms)[0m  [1mSELECT "schema_migrations"."version" FROM "schema_migrations" [0m
  [1m[35m (0.0ms)[0m  select sqlite_version(*)
  [1m[36m (19.6ms)[0m  [1mCREATE TABLE "movies" ("id" INTEGER PRIMARY KEY AUTOINCREMENT NOT NULL, "title" varchar(255), "rating" varchar(255), "description" text, "release_date" datetime, "created_at" datetime NOT NULL, "updated_at" datetime NOT NULL, "director" varchar(255)) [0m
  [1m[35m (18.4ms)[0m  CREATE TABLE "schema_migrations" ("version" varchar(255) NOT NULL) 
  [1m[36m (27.7ms)[0m  [1mCREATE UNIQUE INDEX "unique_schema_migrations" ON "schema_migrations" ("version")[0m
  [1m[35m (0.1ms)[0m  SELECT version FROM "schema_migrations"
  [1m[36m (11.4ms)[0m  [1mINSERT INTO "schema_migrations" (version) VALUES ('20131128215104')[0m
  [1m[35m (15.8ms)[0m  INSERT INTO "schema_migrations" (version) VALUES ('20111119180638')
Connecting to database specified by database.yml
  [1m[36m (0.3ms)[0m  [1mSELECT "schema_migrations"."version" FROM "schema_migrations" [0m
  [1m[35m (0.6ms)[0m  select sqlite_version(*)
  [1m[36m (23.6ms)[0m  [1mCREATE TABLE "movies" ("id" INTEGER PRIMARY KEY AUTOINCREMENT NOT NULL, "title" varchar(255), "rating" varchar(255), "description" text, "release_date" datetime, "created_at" datetime NOT NULL, "updated_at" datetime NOT NULL, "director" varchar(255)) [0m
  [1m[35m (34.0ms)[0m  CREATE TABLE "schema_migrations" ("version" varchar(255) NOT NULL) 
  [1m[36m (16.3ms)[0m  [1mCREATE UNIQUE INDEX "unique_schema_migrations" ON "schema_migrations" ("version")[0m
  [1m[35m (0.4ms)[0m  SELECT version FROM "schema_migrations"
  [1m[36m (23.9ms)[0m  [1mINSERT INTO "schema_migrations" (version) VALUES ('20131128215104')[0m
  [1m[35m (22.5ms)[0m  INSERT INTO "schema_migrations" (version) VALUES ('20111119180638')
Connecting to database specified by database.yml
  [1m[36m (0.4ms)[0m  [1mSELECT "schema_migrations"."version" FROM "schema_migrations" [0m
  [1m[35m (0.7ms)[0m  select sqlite_version(*)
  [1m[36m (38.0ms)[0m  [1mCREATE TABLE "movies" ("id" INTEGER PRIMARY KEY AUTOINCREMENT NOT NULL, "title" varchar(255), "rating" varchar(255), "description" text, "release_date" datetime, "created_at" datetime NOT NULL, "updated_at" datetime NOT NULL, "director" varchar(255)) [0m
  [1m[35m (17.1ms)[0m  CREATE TABLE "schema_migrations" ("version" varchar(255) NOT NULL) 
  [1m[36m (13.2ms)[0m  [1mCREATE UNIQUE INDEX "unique_schema_migrations" ON "schema_migrations" ("version")[0m
  [1m[35m (0.2ms)[0m  SELECT version FROM "schema_migrations"
  [1m[36m (13.4ms)[0m  [1mINSERT INTO "schema_migrations" (version) VALUES ('20131128215104')[0m
  [1m[35m (15.2ms)[0m  INSERT INTO "schema_migrations" (version) VALUES ('20111119180638')
Connecting to database specified by database.yml
  [1m[36m (0.3ms)[0m  [1mSELECT "schema_migrations"."version" FROM "schema_migrations" [0m
  [1m[35m (0.6ms)[0m  select sqlite_version(*)
  [1m[36m (28.3ms)[0m  [1mCREATE TABLE "movies" ("id" INTEGER PRIMARY KEY AUTOINCREMENT NOT NULL, "title" varchar(255), "rating" varchar(255), "description" text, "release_date" datetime, "created_at" datetime NOT NULL, "updated_at" datetime NOT NULL, "director" varchar(255)) [0m
  [1m[35m (34.5ms)[0m  CREATE TABLE "schema_migrations" ("version" varchar(255) NOT NULL) 
  [1m[36m (99.1ms)[0m  [1mCREATE UNIQUE INDEX "unique_schema_migrations" ON "schema_migrations" ("version")[0m
  [1m[35m (0.3ms)[0m  SELECT version FROM "schema_migrations"
  [1m[36m (20.7ms)[0m  [1mINSERT INTO "schema_migrations" (version) VALUES ('20131128215104')[0m
  [1m[35m (14.4ms)[0m  INSERT INTO "schema_migrations" (version) VALUES ('20111119180638')
Connecting to database specified by database.yml
  [1m[36m (0.3ms)[0m  [1mSELECT "schema_migrations"."version" FROM "schema_migrations" [0m
  [1m[35m (0.7ms)[0m  select sqlite_version(*)
  [1m[36m (24.5ms)[0m  [1mCREATE TABLE "movies" ("id" INTEGER PRIMARY KEY AUTOINCREMENT NOT NULL, "title" varchar(255), "rating" varchar(255), "description" text, "release_date" datetime, "created_at" datetime NOT NULL, "updated_at" datetime NOT NULL, "director" varchar(255)) [0m
  [1m[35m (13.9ms)[0m  CREATE TABLE "schema_migrations" ("version" varchar(255) NOT NULL) 
  [1m[36m (14.0ms)[0m  [1mCREATE UNIQUE INDEX "unique_schema_migrations" ON "schema_migrations" ("version")[0m
  [1m[35m (0.3ms)[0m  SELECT version FROM "schema_migrations"
  [1m[36m (14.7ms)[0m  [1mINSERT INTO "schema_migrations" (version) VALUES ('20131128215104')[0m
  [1m[35m (15.6ms)[0m  INSERT INTO "schema_migrations" (version) VALUES ('20111119180638')
Connecting to database specified by database.yml
  [1m[36m (0.3ms)[0m  [1mSELECT "schema_migrations"."version" FROM "schema_migrations" [0m
  [1m[35m (0.8ms)[0m  select sqlite_version(*)
  [1m[36m (36.2ms)[0m  [1mCREATE TABLE "movies" ("id" INTEGER PRIMARY KEY AUTOINCREMENT NOT NULL, "title" varchar(255), "rating" varchar(255), "description" text, "release_date" datetime, "created_at" datetime NOT NULL, "updated_at" datetime NOT NULL, "director" varchar(255)) [0m
  [1m[35m (31.2ms)[0m  CREATE TABLE "schema_migrations" ("version" varchar(255) NOT NULL) 
  [1m[36m (14.4ms)[0m  [1mCREATE UNIQUE INDEX "unique_schema_migrations" ON "schema_migrations" ("version")[0m
  [1m[35m (0.2ms)[0m  SELECT version FROM "schema_migrations"
  [1m[36m (26.6ms)[0m  [1mINSERT INTO "schema_migrations" (version) VALUES ('20131128215104')[0m
  [1m[35m (19.5ms)[0m  INSERT INTO "schema_migrations" (version) VALUES ('20111119180638')
Connecting to database specified by database.yml
  [1m[36m (0.3ms)[0m  [1mSELECT "schema_migrations"."version" FROM "schema_migrations" [0m
  [1m[35m (0.3ms)[0m  select sqlite_version(*)
  [1m[36m (42.8ms)[0m  [1mCREATE TABLE "movies" ("id" INTEGER PRIMARY KEY AUTOINCREMENT NOT NULL, "title" varchar(255), "rating" varchar(255), "description" text, "release_date" datetime, "created_at" datetime NOT NULL, "updated_at" datetime NOT NULL, "director" varchar(255)) [0m
  [1m[35m (27.0ms)[0m  CREATE TABLE "schema_migrations" ("version" varchar(255) NOT NULL) 
  [1m[36m (23.1ms)[0m  [1mCREATE UNIQUE INDEX "unique_schema_migrations" ON "schema_migrations" ("version")[0m
  [1m[35m (0.2ms)[0m  SELECT version FROM "schema_migrations"
  [1m[36m (30.1ms)[0m  [1mINSERT INTO "schema_migrations" (version) VALUES ('20131128215104')[0m
  [1m[35m (12.4ms)[0m  INSERT INTO "schema_migrations" (version) VALUES ('20111119180638')
Connecting to database specified by database.yml
  [1m[36m (0.3ms)[0m  [1mSELECT "schema_migrations"."version" FROM "schema_migrations" [0m
  [1m[35m (0.7ms)[0m  select sqlite_version(*)
  [1m[36m (44.8ms)[0m  [1mCREATE TABLE "movies" ("id" INTEGER PRIMARY KEY AUTOINCREMENT NOT NULL, "title" varchar(255), "rating" varchar(255), "description" text, "release_date" datetime, "created_at" datetime NOT NULL, "updated_at" datetime NOT NULL, "director" varchar(255)) [0m
  [1m[35m (34.4ms)[0m  CREATE TABLE "schema_migrations" ("version" varchar(255) NOT NULL) 
  [1m[36m (15.6ms)[0m  [1mCREATE UNIQUE INDEX "unique_schema_migrations" ON "schema_migrations" ("version")[0m
  [1m[35m (0.2ms)[0m  SELECT version FROM "schema_migrations"
  [1m[36m (16.2ms)[0m  [1mINSERT INTO "schema_migrations" (version) VALUES ('20131128215104')[0m
  [1m[35m (30.8ms)[0m  INSERT INTO "schema_migrations" (version) VALUES ('20111119180638')
Connecting to database specified by database.yml
  [1m[36m (0.3ms)[0m  [1mSELECT "schema_migrations"."version" FROM "schema_migrations" [0m
  [1m[35m (0.6ms)[0m  select sqlite_version(*)
  [1m[36m (26.6ms)[0m  [1mCREATE TABLE "movies" ("id" INTEGER PRIMARY KEY AUTOINCREMENT NOT NULL, "title" varchar(255), "rating" varchar(255), "description" text, "release_date" datetime, "created_at" datetime NOT NULL, "updated_at" datetime NOT NULL, "director" varchar(255)) [0m
  [1m[35m (30.0ms)[0m  CREATE TABLE "schema_migrations" ("version" varchar(255) NOT NULL) 
  [1m[36m (26.8ms)[0m  [1mCREATE UNIQUE INDEX "unique_schema_migrations" ON "schema_migrations" ("version")[0m
  [1m[35m (0.3ms)[0m  SELECT version FROM "schema_migrations"
  [1m[36m (18.9ms)[0m  [1mINSERT INTO "schema_migrations" (version) VALUES ('20131128215104')[0m
  [1m[35m (15.2ms)[0m  INSERT INTO "schema_migrations" (version) VALUES ('20111119180638')
Connecting to database specified by database.yml
  [1m[36m (0.4ms)[0m  [1mSELECT "schema_migrations"."version" FROM "schema_migrations" [0m
  [1m[35m (0.6ms)[0m  select sqlite_version(*)
  [1m[36m (38.6ms)[0m  [1mCREATE TABLE "movies" ("id" INTEGER PRIMARY KEY AUTOINCREMENT NOT NULL, "title" varchar(255), "rating" varchar(255), "description" text, "release_date" datetime, "created_at" datetime NOT NULL, "updated_at" datetime NOT NULL, "director" varchar(255)) [0m
  [1m[35m (28.6ms)[0m  CREATE TABLE "schema_migrations" ("version" varchar(255) NOT NULL) 
  [1m[36m (34.2ms)[0m  [1mCREATE UNIQUE INDEX "unique_schema_migrations" ON "schema_migrations" ("version")[0m
  [1m[35m (0.3ms)[0m  SELECT version FROM "schema_migrations"
  [1m[36m (20.2ms)[0m  [1mINSERT INTO "schema_migrations" (version) VALUES ('20131128215104')[0m
  [1m[35m (19.7ms)[0m  INSERT INTO "schema_migrations" (version) VALUES ('20111119180638')
Connecting to database specified by database.yml
  [1m[36m (1.2ms)[0m  [1mSELECT "schema_migrations"."version" FROM "schema_migrations" [0m
  [1m[35m (0.7ms)[0m  select sqlite_version(*)
  [1m[36m (32.0ms)[0m  [1mCREATE TABLE "movies" ("id" INTEGER PRIMARY KEY AUTOINCREMENT NOT NULL, "title" varchar(255), "rating" varchar(255), "description" text, "release_date" datetime, "created_at" datetime NOT NULL, "updated_at" datetime NOT NULL, "director" varchar(255)) [0m
  [1m[35m (26.6ms)[0m  CREATE TABLE "schema_migrations" ("version" varchar(255) NOT NULL) 
  [1m[36m (18.2ms)[0m  [1mCREATE UNIQUE INDEX "unique_schema_migrations" ON "schema_migrations" ("version")[0m
  [1m[35m (0.2ms)[0m  SELECT version FROM "schema_migrations"
  [1m[36m (17.5ms)[0m  [1mINSERT INTO "schema_migrations" (version) VALUES ('20131128215104')[0m
  [1m[35m (18.6ms)[0m  INSERT INTO "schema_migrations" (version) VALUES ('20111119180638')
Connecting to database specified by database.yml
  [1m[36m (0.5ms)[0m  [1mSELECT "schema_migrations"."version" FROM "schema_migrations" [0m
  [1m[35m (0.7ms)[0m  select sqlite_version(*)
  [1m[36m (27.5ms)[0m  [1mCREATE TABLE "movies" ("id" INTEGER PRIMARY KEY AUTOINCREMENT NOT NULL, "title" varchar(255), "rating" varchar(255), "description" text, "release_date" datetime, "created_at" datetime NOT NULL, "updated_at" datetime NOT NULL, "director" varchar(255)) [0m
  [1m[35m (28.3ms)[0m  CREATE TABLE "schema_migrations" ("version" varchar(255) NOT NULL) 
  [1m[36m (27.0ms)[0m  [1mCREATE UNIQUE INDEX "unique_schema_migrations" ON "schema_migrations" ("version")[0m
  [1m[35m (0.4ms)[0m  SELECT version FROM "schema_migrations"
  [1m[36m (13.9ms)[0m  [1mINSERT INTO "schema_migrations" (version) VALUES ('20131128215104')[0m
  [1m[35m (18.9ms)[0m  INSERT INTO "schema_migrations" (version) VALUES ('20111119180638')
Connecting to database specified by database.yml
  [1m[36m (0.3ms)[0m  [1mSELECT "schema_migrations"."version" FROM "schema_migrations" [0m
  [1m[35m (0.8ms)[0m  select sqlite_version(*)
  [1m[36m (61.6ms)[0m  [1mCREATE TABLE "movies" ("id" INTEGER PRIMARY KEY AUTOINCREMENT NOT NULL, "title" varchar(255), "rating" varchar(255), "description" text, "release_date" datetime, "created_at" datetime NOT NULL, "updated_at" datetime NOT NULL, "director" varchar(255)) [0m
  [1m[35m (28.3ms)[0m  CREATE TABLE "schema_migrations" ("version" varchar(255) NOT NULL) 
  [1m[36m (22.3ms)[0m  [1mCREATE UNIQUE INDEX "unique_schema_migrations" ON "schema_migrations" ("version")[0m
  [1m[35m (0.2ms)[0m  SELECT version FROM "schema_migrations"
  [1m[36m (13.5ms)[0m  [1mINSERT INTO "schema_migrations" (version) VALUES ('20131128215104')[0m
  [1m[35m (21.3ms)[0m  INSERT INTO "schema_migrations" (version) VALUES ('20111119180638')
Connecting to database specified by database.yml
  [1m[36m (0.9ms)[0m  [1mSELECT "schema_migrations"."version" FROM "schema_migrations" [0m
  [1m[35m (0.6ms)[0m  select sqlite_version(*)
  [1m[36m (41.8ms)[0m  [1mCREATE TABLE "movies" ("id" INTEGER PRIMARY KEY AUTOINCREMENT NOT NULL, "title" varchar(255), "rating" varchar(255), "description" text, "release_date" datetime, "created_at" datetime NOT NULL, "updated_at" datetime NOT NULL, "director" varchar(255)) [0m
  [1m[35m (13.5ms)[0m  CREATE TABLE "schema_migrations" ("version" varchar(255) NOT NULL) 
  [1m[36m (14.8ms)[0m  [1mCREATE UNIQUE INDEX "unique_schema_migrations" ON "schema_migrations" ("version")[0m
  [1m[35m (1.0ms)[0m  SELECT version FROM "schema_migrations"
  [1m[36m (14.4ms)[0m  [1mINSERT INTO "schema_migrations" (version) VALUES ('20131128215104')[0m
  [1m[35m (22.8ms)[0m  INSERT INTO "schema_migrations" (version) VALUES ('20111119180638')


Started GET "/movies" for 127.0.0.1 at 2013-11-30 09:07:45 +1100
Connecting to database specified by database.yml

SyntaxError (/home/zafar/workspace/CS169/CS169.1x/HW4/rottenpotatoes/app/controllers/movies_controller.rb:71: syntax error, unexpected end-of-input, expecting keyword_end):
  activesupport (3.2.14) lib/active_support/dependencies.rb:469:in `load'
  activesupport (3.2.14) lib/active_support/dependencies.rb:469:in `block in load_file'
  activesupport (3.2.14) lib/active_support/dependencies.rb:639:in `new_constants_in'
  activesupport (3.2.14) lib/active_support/dependencies.rb:468:in `load_file'
  activesupport (3.2.14) lib/active_support/dependencies.rb:353:in `require_or_load'
  activesupport (3.2.14) lib/active_support/dependencies.rb:502:in `load_missing_constant'
  activesupport (3.2.14) lib/active_support/dependencies.rb:192:in `block in const_missing'
  activesupport (3.2.14) lib/active_support/dependencies.rb:190:in `each'
  activesupport (3.2.14) lib/active_support/dependencies.rb:190:in `const_missing'
  activesupport (3.2.14) lib/active_support/inflector/methods.rb:230:in `block in constantize'
  activesupport (3.2.14) lib/active_support/inflector/methods.rb:229:in `each'
  activesupport (3.2.14) lib/active_support/inflector/methods.rb:229:in `constantize'
  activesupport (3.2.14) lib/active_support/dependencies.rb:554:in `get'
  actionpack (3.2.14) lib/action_dispatch/routing/route_set.rb:69:in `controller_reference'
  actionpack (3.2.14) lib/action_dispatch/routing/route_set.rb:54:in `controller'
  actionpack (3.2.14) lib/action_dispatch/routing/route_set.rb:32:in `call'
  journey (1.0.4) lib/journey/router.rb:68:in `block in call'
  journey (1.0.4) lib/journey/router.rb:56:in `each'
  journey (1.0.4) lib/journey/router.rb:56:in `call'
  actionpack (3.2.14) lib/action_dispatch/routing/route_set.rb:608:in `call'
  actionpack (3.2.14) lib/action_dispatch/middleware/best_standards_support.rb:17:in `call'
  rack (1.4.5) lib/rack/etag.rb:23:in `call'
  rack (1.4.5) lib/rack/conditionalget.rb:25:in `call'
  actionpack (3.2.14) lib/action_dispatch/middleware/head.rb:14:in `call'
  actionpack (3.2.14) lib/action_dispatch/middleware/params_parser.rb:21:in `call'
  actionpack (3.2.14) lib/action_dispatch/middleware/flash.rb:242:in `call'
  rack (1.4.5) lib/rack/session/abstract/id.rb:210:in `context'
  rack (1.4.5) lib/rack/session/abstract/id.rb:205:in `call'
  actionpack (3.2.14) lib/action_dispatch/middleware/cookies.rb:341:in `call'
  activerecord (3.2.14) lib/active_record/query_cache.rb:64:in `call'
  activerecord (3.2.14) lib/active_record/connection_adapters/abstract/connection_pool.rb:479:in `call'
  actionpack (3.2.14) lib/action_dispatch/middleware/callbacks.rb:28:in `block in call'
  activesupport (3.2.14) lib/active_support/callbacks.rb:405:in `_run__631639836__call__920854385__callbacks'
  activesupport (3.2.14) lib/active_support/callbacks.rb:405:in `__run_callback'
  activesupport (3.2.14) lib/active_support/callbacks.rb:385:in `_run_call_callbacks'
  activesupport (3.2.14) lib/active_support/callbacks.rb:81:in `run_callbacks'
  actionpack (3.2.14) lib/action_dispatch/middleware/callbacks.rb:27:in `call'
  actionpack (3.2.14) lib/action_dispatch/middleware/reloader.rb:65:in `call'
  actionpack (3.2.14) lib/action_dispatch/middleware/remote_ip.rb:31:in `call'
  actionpack (3.2.14) lib/action_dispatch/middleware/debug_exceptions.rb:16:in `call'
  actionpack (3.2.14) lib/action_dispatch/middleware/show_exceptions.rb:56:in `call'
  railties (3.2.14) lib/rails/rack/logger.rb:32:in `call_app'
  railties (3.2.14) lib/rails/rack/logger.rb:16:in `block in call'
  activesupport (3.2.14) lib/active_support/tagged_logging.rb:22:in `tagged'
  railties (3.2.14) lib/rails/rack/logger.rb:16:in `call'
  actionpack (3.2.14) lib/action_dispatch/middleware/request_id.rb:22:in `call'
  rack (1.4.5) lib/rack/methodoverride.rb:21:in `call'
  rack (1.4.5) lib/rack/runtime.rb:17:in `call'
  activesupport (3.2.14) lib/active_support/cache/strategy/local_cache.rb:72:in `call'
  rack (1.4.5) lib/rack/lock.rb:15:in `call'
  actionpack (3.2.14) lib/action_dispatch/middleware/static.rb:63:in `call'
  railties (3.2.14) lib/rails/engine.rb:484:in `call'
  railties (3.2.14) lib/rails/application.rb:231:in `call'
  rack (1.4.5) lib/rack/content_length.rb:14:in `call'
  railties (3.2.14) lib/rails/rack/log_tailer.rb:17:in `call'
  rack (1.4.5) lib/rack/handler/webrick.rb:59:in `service'
  /home/zafar/.rvm/rubies/ruby-2.0.0-p353/lib/ruby/2.0.0/webrick/httpserver.rb:138:in `service'
  /home/zafar/.rvm/rubies/ruby-2.0.0-p353/lib/ruby/2.0.0/webrick/httpserver.rb:94:in `run'
  /home/zafar/.rvm/rubies/ruby-2.0.0-p353/lib/ruby/2.0.0/webrick/server.rb:295:in `block in start_thread'


  Rendered /home/zafar/.rvm/gems/ruby-2.0.0-p353/gems/actionpack-3.2.14/lib/action_dispatch/middleware/templates/rescues/_trace.erb (5.8ms)
  Rendered /home/zafar/.rvm/gems/ruby-2.0.0-p353/gems/actionpack-3.2.14/lib/action_dispatch/middleware/templates/rescues/_request_and_response.erb (12.5ms)
  Rendered /home/zafar/.rvm/gems/ruby-2.0.0-p353/gems/actionpack-3.2.14/lib/action_dispatch/middleware/templates/rescues/diagnostics.erb within rescues/layout (67.5ms)


Started GET "/movies" for 127.0.0.1 at 2013-11-30 09:08:14 +1100
Processing by MoviesController#index as HTML
  [1m[36mMovie Load (0.6ms)[0m  [1mSELECT "movies".* FROM "movies" WHERE "movies"."rating" IN ('G', 'PG', 'PG-13', 'NC-17', 'R')[0m
  Rendered movies/index.html.haml within layouts/application (61.7ms)
Compiled application.css  (1ms)  (pid 13094)
Compiled jquery.js  (363ms)  (pid 13094)
Compiled jquery_ujs.js  (1ms)  (pid 13094)
Compiled application.js  (528ms)  (pid 13094)
Completed 200 OK in 839ms (Views: 803.3ms | ActiveRecord: 0.6ms)


Started GET "/assets/application.css?body=1" for 127.0.0.1 at 2013-11-30 09:08:15 +1100
Served asset /application.css - 200 OK (22ms)


Started GET "/assets/jquery.js?body=1" for 127.0.0.1 at 2013-11-30 09:08:15 +1100
Served asset /jquery.js - 200 OK (56ms)


Started GET "/assets/jquery_ujs.js?body=1" for 127.0.0.1 at 2013-11-30 09:08:16 +1100
Served asset /jquery_ujs.js - 200 OK (22ms)


Started GET "/assets/application.js?body=1" for 127.0.0.1 at 2013-11-30 09:08:16 +1100
Served asset /application.js - 200 OK (59ms)


Started GET "/movies/new" for 127.0.0.1 at 2013-11-30 09:08:20 +1100
Processing by MoviesController#new as HTML
  Rendered movies/new.html.haml within layouts/application (81.4ms)
Completed 200 OK in 120ms (Views: 118.9ms | ActiveRecord: 0.0ms)


Started POST "/movies" for 127.0.0.1 at 2013-11-30 09:08:49 +1100
Processing by MoviesController#create as HTML
  Parameters: {"utf8"=>"✓", "authenticity_token"=>"JuoNtS6JSMOY29jFZfuzsAe/TUoURHMV3/Gdpt72o7M=", "movie"=>{"title"=>"The Thing", "rating"=>"PG", "release_date(1i)"=>"2013", "release_date(2i)"=>"11", "release_date(3i)"=>"29"}, "commit"=>"Save Changes"}
  [1m[35m (0.3ms)[0m  begin transaction
  [1m[36mSQL (37.2ms)[0m  [1mINSERT INTO "movies" ("created_at", "description", "director", "rating", "release_date", "title", "updated_at") VALUES (?, ?, ?, ?, ?, ?, ?)[0m  [["created_at", Fri, 29 Nov 2013 22:08:49 UTC +00:00], ["description", nil], ["director", nil], ["rating", "PG"], ["release_date", Fri, 29 Nov 2013 00:00:00 UTC +00:00], ["title", "The Thing"], ["updated_at", Fri, 29 Nov 2013 22:08:49 UTC +00:00]]
  [1m[35m (43.6ms)[0m  commit transaction
Redirected to http://localhost:3000/movies
Completed 302 Found in 206ms (ActiveRecord: 81.2ms)


Started GET "/movies" for 127.0.0.1 at 2013-11-30 09:08:49 +1100
Processing by MoviesController#index as HTML
  [1m[36mMovie Load (1.0ms)[0m  [1mSELECT "movies".* FROM "movies" WHERE "movies"."rating" IN ('G', 'PG', 'PG-13', 'NC-17', 'R')[0m
  Rendered movies/index.html.haml within layouts/application (44.5ms)
Completed 200 OK in 117ms (Views: 106.9ms | ActiveRecord: 1.0ms)


Started GET "/movies/1" for 127.0.0.1 at 2013-11-30 09:08:55 +1100
Processing by MoviesController#show as HTML
  Parameters: {"id"=>"1"}
  [1m[35mMovie Load (0.6ms)[0m  SELECT "movies".* FROM "movies" WHERE "movies"."id" = ? LIMIT 1  [["id", "1"]]
  Rendered movies/show.html.haml within layouts/application (44.7ms)
Completed 200 OK in 103ms (Views: 86.5ms | ActiveRecord: 0.6ms)


Started GET "/movies/1" for 127.0.0.1 at 2013-11-30 09:09:01 +1100
Processing by MoviesController#show as HTML
  Parameters: {"id"=>"1"}
  [1m[36mMovie Load (4.5ms)[0m  [1mSELECT "movies".* FROM "movies" WHERE "movies"."id" = ? LIMIT 1[0m  [["id", "1"]]
  Rendered movies/show.html.haml within layouts/application (10.4ms)
Completed 200 OK in 60ms (Views: 52.3ms | ActiveRecord: 4.5ms)


Started GET "/movies/1" for 127.0.0.1 at 2013-11-30 09:09:05 +1100
Processing by MoviesController#show as HTML
  Parameters: {"id"=>"1"}
  [1m[35mMovie Load (0.3ms)[0m  SELECT "movies".* FROM "movies" WHERE "movies"."id" = ? LIMIT 1  [["id", "1"]]
  Rendered movies/show.html.haml within layouts/application (22.5ms)
Completed 200 OK in 67ms (Views: 51.8ms | ActiveRecord: 0.3ms)


Started GET "/movies" for 127.0.0.1 at 2013-11-30 09:10:38 +1100
Processing by MoviesController#index as HTML
  [1m[36mMovie Load (0.8ms)[0m  [1mSELECT "movies".* FROM "movies" WHERE "movies"."rating" IN ('G', 'PG', 'PG-13', 'NC-17', 'R')[0m
  Rendered movies/index.html.haml within layouts/application (36.2ms)
Completed 200 OK in 80ms (Views: 72.1ms | ActiveRecord: 0.8ms)


Started GET "/movies/new" for 127.0.0.1 at 2013-11-30 09:10:41 +1100
Processing by MoviesController#new as HTML
  Rendered movies/new.html.haml within layouts/application (45.7ms)
Completed 200 OK in 88ms (Views: 86.8ms | ActiveRecord: 0.0ms)


Started POST "/movies" for 127.0.0.1 at 2013-11-30 09:11:29 +1100
Processing by MoviesController#create as HTML
  Parameters: {"utf8"=>"✓", "authenticity_token"=>"JuoNtS6JSMOY29jFZfuzsAe/TUoURHMV3/Gdpt72o7M=", "movie"=>{"title"=>"Star Wars", "rating"=>"PG", "release_date(1i)"=>"2008", "release_date(2i)"=>"4", "release_date(3i)"=>"29"}, "commit"=>"Save Changes"}
  [1m[35m (0.2ms)[0m  begin transaction
  [1m[36mSQL (1.1ms)[0m  [1mINSERT INTO "movies" ("created_at", "description", "director", "rating", "release_date", "title", "updated_at") VALUES (?, ?, ?, ?, ?, ?, ?)[0m  [["created_at", Fri, 29 Nov 2013 22:11:29 UTC +00:00], ["description", nil], ["director", nil], ["rating", "PG"], ["release_date", Tue, 29 Apr 2008 00:00:00 UTC +00:00], ["title", "Star Wars"], ["updated_at", Fri, 29 Nov 2013 22:11:29 UTC +00:00]]
  [1m[35m (33.9ms)[0m  commit transaction
Redirected to http://localhost:3000/movies
Completed 302 Found in 52ms (ActiveRecord: 35.1ms)


Started GET "/movies" for 127.0.0.1 at 2013-11-30 09:11:29 +1100
Processing by MoviesController#index as HTML
  [1m[36mMovie Load (6.9ms)[0m  [1mSELECT "movies".* FROM "movies" WHERE "movies"."rating" IN ('G', 'PG', 'PG-13', 'NC-17', 'R')[0m
  Rendered movies/index.html.haml within layouts/application (50.2ms)
Completed 200 OK in 150ms (Views: 139.9ms | ActiveRecord: 6.9ms)


Started GET "/movies/2" for 127.0.0.1 at 2013-11-30 09:11:34 +1100
Processing by MoviesController#show as HTML
  Parameters: {"id"=>"2"}
  [1m[35mMovie Load (0.4ms)[0m  SELECT "movies".* FROM "movies" WHERE "movies"."id" = ? LIMIT 1  [["id", "2"]]
  Rendered movies/show.html.haml within layouts/application (13.9ms)
Completed 200 OK in 63ms (Views: 52.8ms | ActiveRecord: 0.4ms)


Started GET "/movies/2/edit" for 127.0.0.1 at 2013-11-30 09:11:40 +1100
Processing by MoviesController#edit as HTML
  Parameters: {"id"=>"2"}
  [1m[36mMovie Load (0.4ms)[0m  [1mSELECT "movies".* FROM "movies" WHERE "movies"."id" = ? LIMIT 1[0m  [["id", "2"]]
  Rendered movies/edit.html.haml within layouts/application (71.4ms)
Completed 200 OK in 116ms (Views: 101.1ms | ActiveRecord: 0.4ms)


Started PUT "/movies/2" for 127.0.0.1 at 2013-11-30 09:12:11 +1100
Processing by MoviesController#update as HTML
  Parameters: {"utf8"=>"✓", "authenticity_token"=>"JuoNtS6JSMOY29jFZfuzsAe/TUoURHMV3/Gdpt72o7M=", "movie"=>{"title"=>"Star Wars", "rating"=>"PG", "release_date(1i)"=>"2008", "release_date(2i)"=>"4", "release_date(3i)"=>"29", "director"=>"George Lucas"}, "commit"=>"Update Movie Info", "id"=>"2"}
  [1m[35mMovie Load (0.3ms)[0m  SELECT "movies".* FROM "movies" WHERE "movies"."id" = ? LIMIT 1  [["id", "2"]]
  [1m[36m (13.1ms)[0m  [1mbegin transaction[0m
  [1m[35m (0.8ms)[0m  UPDATE "movies" SET "director" = 'George Lucas', "updated_at" = '2013-11-29 22:12:11.943627' WHERE "movies"."id" = 2
  [1m[36m (50.7ms)[0m  [1mcommit transaction[0m
Redirected to http://localhost:3000/movies/2
Completed 302 Found in 573ms (ActiveRecord: 64.9ms)


Started GET "/movies/2" for 127.0.0.1 at 2013-11-30 09:12:12 +1100
Processing by MoviesController#show as HTML
  Parameters: {"id"=>"2"}
  [1m[35mMovie Load (0.4ms)[0m  SELECT "movies".* FROM "movies" WHERE "movies"."id" = ? LIMIT 1  [["id", "2"]]
  Rendered movies/show.html.haml within layouts/application (21.7ms)
Completed 200 OK in 79ms (Views: 62.2ms | ActiveRecord: 0.4ms)


Started GET "/movies" for 127.0.0.1 at 2013-11-30 09:12:19 +1100
Processing by MoviesController#index as HTML
  [1m[36mMovie Load (0.7ms)[0m  [1mSELECT "movies".* FROM "movies" WHERE "movies"."rating" IN ('G', 'PG', 'PG-13', 'NC-17', 'R')[0m
  Rendered movies/index.html.haml within layouts/application (37.1ms)
Completed 200 OK in 107ms (Views: 91.5ms | ActiveRecord: 0.7ms)


Started GET "/movies/1" for 127.0.0.1 at 2013-11-30 09:12:22 +1100
Processing by MoviesController#show as HTML
  Parameters: {"id"=>"1"}
  [1m[35mMovie Load (0.3ms)[0m  SELECT "movies".* FROM "movies" WHERE "movies"."id" = ? LIMIT 1  [["id", "1"]]
  Rendered movies/show.html.haml within layouts/application (19.9ms)
Completed 200 OK in 78ms (Views: 65.3ms | ActiveRecord: 0.3ms)


Started GET "/movies/1/edit" for 127.0.0.1 at 2013-11-30 09:12:25 +1100
Processing by MoviesController#edit as HTML
  Parameters: {"id"=>"1"}
  [1m[36mMovie Load (5.2ms)[0m  [1mSELECT "movies".* FROM "movies" WHERE "movies"."id" = ? LIMIT 1[0m  [["id", "1"]]
  Rendered movies/edit.html.haml within layouts/application (47.7ms)
Completed 200 OK in 83ms (Views: 74.9ms | ActiveRecord: 5.2ms)


Started PUT "/movies/1" for 127.0.0.1 at 2013-11-30 09:12:36 +1100
Processing by MoviesController#update as HTML
  Parameters: {"utf8"=>"✓", "authenticity_token"=>"JuoNtS6JSMOY29jFZfuzsAe/TUoURHMV3/Gdpt72o7M=", "movie"=>{"title"=>"The Thing", "rating"=>"PG", "release_date(1i)"=>"2013", "release_date(2i)"=>"11", "release_date(3i)"=>"29", "director"=>"George Lucas"}, "commit"=>"Update Movie Info", "id"=>"1"}
  [1m[35mMovie Load (0.4ms)[0m  SELECT "movies".* FROM "movies" WHERE "movies"."id" = ? LIMIT 1  [["id", "1"]]
  [1m[36m (4.2ms)[0m  [1mbegin transaction[0m
  [1m[35m (0.9ms)[0m  UPDATE "movies" SET "director" = 'George Lucas', "updated_at" = '2013-11-29 22:12:36.094019' WHERE "movies"."id" = 1
  [1m[36m (28.1ms)[0m  [1mcommit transaction[0m
Redirected to http://localhost:3000/movies/1
Completed 302 Found in 57ms (ActiveRecord: 33.4ms)


Started GET "/movies/1" for 127.0.0.1 at 2013-11-30 09:12:36 +1100
Processing by MoviesController#show as HTML
  Parameters: {"id"=>"1"}
  [1m[35mMovie Load (0.3ms)[0m  SELECT "movies".* FROM "movies" WHERE "movies"."id" = ? LIMIT 1  [["id", "1"]]
  Rendered movies/show.html.haml within layouts/application (22.6ms)
Completed 200 OK in 112ms (Views: 99.5ms | ActiveRecord: 0.3ms)


Started GET "/movies/1" for 127.0.0.1 at 2013-11-30 09:12:39 +1100
Processing by MoviesController#show as HTML
  Parameters: {"id"=>"1"}
  [1m[36mMovie Load (9.9ms)[0m  [1mSELECT "movies".* FROM "movies" WHERE "movies"."id" = ? LIMIT 1[0m  [["id", "1"]]
  Rendered movies/show.html.haml within layouts/application (19.7ms)
Completed 200 OK in 68ms (Views: 55.4ms | ActiveRecord: 9.9ms)


Started GET "/movies/1" for 127.0.0.1 at 2013-11-30 09:13:08 +1100
Processing by MoviesController#show as HTML
  Parameters: {"id"=>"1"}
  [1m[35mMovie Load (10.0ms)[0m  SELECT "movies".* FROM "movies" WHERE "movies"."id" = ? LIMIT 1  [["id", "1"]]
  Rendered movies/show.html.haml within layouts/application (19.5ms)
Completed 200 OK in 61ms (Views: 47.5ms | ActiveRecord: 10.0ms)


Started GET "/movies/1" for 127.0.0.1 at 2013-11-30 09:13:49 +1100
Processing by MoviesController#show as HTML
  Parameters: {"id"=>"1"}
  [1m[36mMovie Load (0.5ms)[0m  [1mSELECT "movies".* FROM "movies" WHERE "movies"."id" = ? LIMIT 1[0m  [["id", "1"]]
  Rendered movies/show.html.haml within layouts/application (64.9ms)
Completed 200 OK in 112ms (Views: 104.1ms | ActiveRecord: 0.5ms)


Started GET "/movies/1/similar" for 127.0.0.1 at 2013-11-30 09:13:53 +1100
Processing by MoviesController#similar as HTML
  Parameters: {"movie_id"=>"1"}
Completed 404 Not Found in 2ms

ActiveRecord::RecordNotFound (Couldn't find Movie without an ID):
  app/controllers/movies_controller.rb:68:in `similar'


  Rendered /home/zafar/.rvm/gems/ruby-2.0.0-p353/gems/actionpack-3.2.14/lib/action_dispatch/middleware/templates/rescues/_trace.erb (4.6ms)
  Rendered /home/zafar/.rvm/gems/ruby-2.0.0-p353/gems/actionpack-3.2.14/lib/action_dispatch/middleware/templates/rescues/_request_and_response.erb (10.4ms)
  Rendered /home/zafar/.rvm/gems/ruby-2.0.0-p353/gems/actionpack-3.2.14/lib/action_dispatch/middleware/templates/rescues/diagnostics.erb within rescues/layout (52.4ms)


Started GET "/movies/1/similar" for 127.0.0.1 at 2013-11-30 09:15:14 +1100
Processing by MoviesController#similar as HTML
  Parameters: {"movie_id"=>"1"}
Completed 404 Not Found in 1ms

ActiveRecord::RecordNotFound (Couldn't find Movie without an ID):
  app/controllers/movies_controller.rb:68:in `similar'


  Rendered /home/zafar/.rvm/gems/ruby-2.0.0-p353/gems/actionpack-3.2.14/lib/action_dispatch/middleware/templates/rescues/_trace.erb (10.9ms)
  Rendered /home/zafar/.rvm/gems/ruby-2.0.0-p353/gems/actionpack-3.2.14/lib/action_dispatch/middleware/templates/rescues/_request_and_response.erb (4.0ms)
  Rendered /home/zafar/.rvm/gems/ruby-2.0.0-p353/gems/actionpack-3.2.14/lib/action_dispatch/middleware/templates/rescues/diagnostics.erb within rescues/layout (70.4ms)


Started GET "/movies/1" for 127.0.0.1 at 2013-11-30 09:21:12 +1100

SyntaxError (/home/zafar/workspace/CS169/CS169.1x/HW4/rottenpotatoes/app/controllers/movies_controller.rb:70: syntax error, unexpected ']', expecting ')'
    @movie = Movie.find(@id])
                            ^):
  activesupport (3.2.14) lib/active_support/dependencies.rb:469:in `load'
  activesupport (3.2.14) lib/active_support/dependencies.rb:469:in `block in load_file'
  activesupport (3.2.14) lib/active_support/dependencies.rb:639:in `new_constants_in'
  activesupport (3.2.14) lib/active_support/dependencies.rb:468:in `load_file'
  activesupport (3.2.14) lib/active_support/dependencies.rb:353:in `require_or_load'
  activesupport (3.2.14) lib/active_support/dependencies.rb:502:in `load_missing_constant'
  activesupport (3.2.14) lib/active_support/dependencies.rb:192:in `block in const_missing'
  activesupport (3.2.14) lib/active_support/dependencies.rb:190:in `each'
  activesupport (3.2.14) lib/active_support/dependencies.rb:190:in `const_missing'
  activesupport (3.2.14) lib/active_support/inflector/methods.rb:230:in `block in constantize'
  activesupport (3.2.14) lib/active_support/inflector/methods.rb:229:in `each'
  activesupport (3.2.14) lib/active_support/inflector/methods.rb:229:in `constantize'
  activesupport (3.2.14) lib/active_support/dependencies.rb:554:in `get'
  actionpack (3.2.14) lib/action_dispatch/routing/route_set.rb:69:in `controller_reference'
  actionpack (3.2.14) lib/action_dispatch/routing/route_set.rb:54:in `controller'
  actionpack (3.2.14) lib/action_dispatch/routing/route_set.rb:32:in `call'
  journey (1.0.4) lib/journey/router.rb:68:in `block in call'
  journey (1.0.4) lib/journey/router.rb:56:in `each'
  journey (1.0.4) lib/journey/router.rb:56:in `call'
  actionpack (3.2.14) lib/action_dispatch/routing/route_set.rb:608:in `call'
  actionpack (3.2.14) lib/action_dispatch/middleware/best_standards_support.rb:17:in `call'
  rack (1.4.5) lib/rack/etag.rb:23:in `call'
  rack (1.4.5) lib/rack/conditionalget.rb:25:in `call'
  actionpack (3.2.14) lib/action_dispatch/middleware/head.rb:14:in `call'
  actionpack (3.2.14) lib/action_dispatch/middleware/params_parser.rb:21:in `call'
  actionpack (3.2.14) lib/action_dispatch/middleware/flash.rb:242:in `call'
  rack (1.4.5) lib/rack/session/abstract/id.rb:210:in `context'
  rack (1.4.5) lib/rack/session/abstract/id.rb:205:in `call'
  actionpack (3.2.14) lib/action_dispatch/middleware/cookies.rb:341:in `call'
  activerecord (3.2.14) lib/active_record/query_cache.rb:64:in `call'
  activerecord (3.2.14) lib/active_record/connection_adapters/abstract/connection_pool.rb:479:in `call'
  actionpack (3.2.14) lib/action_dispatch/middleware/callbacks.rb:28:in `block in call'
  activesupport (3.2.14) lib/active_support/callbacks.rb:405:in `_run__631639836__call__920854385__callbacks'
  activesupport (3.2.14) lib/active_support/callbacks.rb:405:in `__run_callback'
  activesupport (3.2.14) lib/active_support/callbacks.rb:385:in `_run_call_callbacks'
  activesupport (3.2.14) lib/active_support/callbacks.rb:81:in `run_callbacks'
  actionpack (3.2.14) lib/action_dispatch/middleware/callbacks.rb:27:in `call'
  actionpack (3.2.14) lib/action_dispatch/middleware/reloader.rb:65:in `call'
  actionpack (3.2.14) lib/action_dispatch/middleware/remote_ip.rb:31:in `call'
  actionpack (3.2.14) lib/action_dispatch/middleware/debug_exceptions.rb:16:in `call'
  actionpack (3.2.14) lib/action_dispatch/middleware/show_exceptions.rb:56:in `call'
  railties (3.2.14) lib/rails/rack/logger.rb:32:in `call_app'
  railties (3.2.14) lib/rails/rack/logger.rb:16:in `block in call'
  activesupport (3.2.14) lib/active_support/tagged_logging.rb:22:in `tagged'
  railties (3.2.14) lib/rails/rack/logger.rb:16:in `call'
  actionpack (3.2.14) lib/action_dispatch/middleware/request_id.rb:22:in `call'
  rack (1.4.5) lib/rack/methodoverride.rb:21:in `call'
  rack (1.4.5) lib/rack/runtime.rb:17:in `call'
  activesupport (3.2.14) lib/active_support/cache/strategy/local_cache.rb:72:in `call'
  rack (1.4.5) lib/rack/lock.rb:15:in `call'
  actionpack (3.2.14) lib/action_dispatch/middleware/static.rb:63:in `call'
  railties (3.2.14) lib/rails/engine.rb:484:in `call'
  railties (3.2.14) lib/rails/application.rb:231:in `call'
  rack (1.4.5) lib/rack/content_length.rb:14:in `call'
  railties (3.2.14) lib/rails/rack/log_tailer.rb:17:in `call'
  rack (1.4.5) lib/rack/handler/webrick.rb:59:in `service'
  /home/zafar/.rvm/rubies/ruby-2.0.0-p353/lib/ruby/2.0.0/webrick/httpserver.rb:138:in `service'
  /home/zafar/.rvm/rubies/ruby-2.0.0-p353/lib/ruby/2.0.0/webrick/httpserver.rb:94:in `run'
  /home/zafar/.rvm/rubies/ruby-2.0.0-p353/lib/ruby/2.0.0/webrick/server.rb:295:in `block in start_thread'


  Rendered /home/zafar/.rvm/gems/ruby-2.0.0-p353/gems/actionpack-3.2.14/lib/action_dispatch/middleware/templates/rescues/_trace.erb (5.7ms)
  Rendered /home/zafar/.rvm/gems/ruby-2.0.0-p353/gems/actionpack-3.2.14/lib/action_dispatch/middleware/templates/rescues/_request_and_response.erb (3.4ms)
  Rendered /home/zafar/.rvm/gems/ruby-2.0.0-p353/gems/actionpack-3.2.14/lib/action_dispatch/middleware/templates/rescues/diagnostics.erb within rescues/layout (60.0ms)


Started GET "/movies" for 127.0.0.1 at 2013-11-30 09:21:16 +1100

SyntaxError (/home/zafar/workspace/CS169/CS169.1x/HW4/rottenpotatoes/app/controllers/movies_controller.rb:70: syntax error, unexpected ']', expecting ')'
    @movie = Movie.find(@id])
                            ^):
  activesupport (3.2.14) lib/active_support/dependencies.rb:469:in `load'
  activesupport (3.2.14) lib/active_support/dependencies.rb:469:in `block in load_file'
  activesupport (3.2.14) lib/active_support/dependencies.rb:639:in `new_constants_in'
  activesupport (3.2.14) lib/active_support/dependencies.rb:468:in `load_file'
  activesupport (3.2.14) lib/active_support/dependencies.rb:353:in `require_or_load'
  activesupport (3.2.14) lib/active_support/dependencies.rb:502:in `load_missing_constant'
  activesupport (3.2.14) lib/active_support/dependencies.rb:192:in `block in const_missing'
  activesupport (3.2.14) lib/active_support/dependencies.rb:190:in `each'
  activesupport (3.2.14) lib/active_support/dependencies.rb:190:in `const_missing'
  activesupport (3.2.14) lib/active_support/inflector/methods.rb:230:in `block in constantize'
  activesupport (3.2.14) lib/active_support/inflector/methods.rb:229:in `each'
  activesupport (3.2.14) lib/active_support/inflector/methods.rb:229:in `constantize'
  activesupport (3.2.14) lib/active_support/dependencies.rb:554:in `get'
  actionpack (3.2.14) lib/action_dispatch/routing/route_set.rb:69:in `controller_reference'
  actionpack (3.2.14) lib/action_dispatch/routing/route_set.rb:54:in `controller'
  actionpack (3.2.14) lib/action_dispatch/routing/route_set.rb:32:in `call'
  journey (1.0.4) lib/journey/router.rb:68:in `block in call'
  journey (1.0.4) lib/journey/router.rb:56:in `each'
  journey (1.0.4) lib/journey/router.rb:56:in `call'
  actionpack (3.2.14) lib/action_dispatch/routing/route_set.rb:608:in `call'
  actionpack (3.2.14) lib/action_dispatch/middleware/best_standards_support.rb:17:in `call'
  rack (1.4.5) lib/rack/etag.rb:23:in `call'
  rack (1.4.5) lib/rack/conditionalget.rb:25:in `call'
  actionpack (3.2.14) lib/action_dispatch/middleware/head.rb:14:in `call'
  actionpack (3.2.14) lib/action_dispatch/middleware/params_parser.rb:21:in `call'
  actionpack (3.2.14) lib/action_dispatch/middleware/flash.rb:242:in `call'
  rack (1.4.5) lib/rack/session/abstract/id.rb:210:in `context'
  rack (1.4.5) lib/rack/session/abstract/id.rb:205:in `call'
  actionpack (3.2.14) lib/action_dispatch/middleware/cookies.rb:341:in `call'
  activerecord (3.2.14) lib/active_record/query_cache.rb:64:in `call'
  activerecord (3.2.14) lib/active_record/connection_adapters/abstract/connection_pool.rb:479:in `call'
  actionpack (3.2.14) lib/action_dispatch/middleware/callbacks.rb:28:in `block in call'
  activesupport (3.2.14) lib/active_support/callbacks.rb:405:in `_run__631639836__call__920854385__callbacks'
  activesupport (3.2.14) lib/active_support/callbacks.rb:405:in `__run_callback'
  activesupport (3.2.14) lib/active_support/callbacks.rb:385:in `_run_call_callbacks'
  activesupport (3.2.14) lib/active_support/callbacks.rb:81:in `run_callbacks'
  actionpack (3.2.14) lib/action_dispatch/middleware/callbacks.rb:27:in `call'
  actionpack (3.2.14) lib/action_dispatch/middleware/reloader.rb:65:in `call'
  actionpack (3.2.14) lib/action_dispatch/middleware/remote_ip.rb:31:in `call'
  actionpack (3.2.14) lib/action_dispatch/middleware/debug_exceptions.rb:16:in `call'
  actionpack (3.2.14) lib/action_dispatch/middleware/show_exceptions.rb:56:in `call'
  railties (3.2.14) lib/rails/rack/logger.rb:32:in `call_app'
  railties (3.2.14) lib/rails/rack/logger.rb:16:in `block in call'
  activesupport (3.2.14) lib/active_support/tagged_logging.rb:22:in `tagged'
  railties (3.2.14) lib/rails/rack/logger.rb:16:in `call'
  actionpack (3.2.14) lib/action_dispatch/middleware/request_id.rb:22:in `call'
  rack (1.4.5) lib/rack/methodoverride.rb:21:in `call'
  rack (1.4.5) lib/rack/runtime.rb:17:in `call'
  activesupport (3.2.14) lib/active_support/cache/strategy/local_cache.rb:72:in `call'
  rack (1.4.5) lib/rack/lock.rb:15:in `call'
  actionpack (3.2.14) lib/action_dispatch/middleware/static.rb:63:in `call'
  railties (3.2.14) lib/rails/engine.rb:484:in `call'
  railties (3.2.14) lib/rails/application.rb:231:in `call'
  rack (1.4.5) lib/rack/content_length.rb:14:in `call'
  railties (3.2.14) lib/rails/rack/log_tailer.rb:17:in `call'
  rack (1.4.5) lib/rack/handler/webrick.rb:59:in `service'
  /home/zafar/.rvm/rubies/ruby-2.0.0-p353/lib/ruby/2.0.0/webrick/httpserver.rb:138:in `service'
  /home/zafar/.rvm/rubies/ruby-2.0.0-p353/lib/ruby/2.0.0/webrick/httpserver.rb:94:in `run'
  /home/zafar/.rvm/rubies/ruby-2.0.0-p353/lib/ruby/2.0.0/webrick/server.rb:295:in `block in start_thread'


  Rendered /home/zafar/.rvm/gems/ruby-2.0.0-p353/gems/actionpack-3.2.14/lib/action_dispatch/middleware/templates/rescues/_trace.erb (7.0ms)
  Rendered /home/zafar/.rvm/gems/ruby-2.0.0-p353/gems/actionpack-3.2.14/lib/action_dispatch/middleware/templates/rescues/_request_and_response.erb (3.7ms)
  Rendered /home/zafar/.rvm/gems/ruby-2.0.0-p353/gems/actionpack-3.2.14/lib/action_dispatch/middleware/templates/rescues/diagnostics.erb within rescues/layout (56.2ms)


Started GET "/movies" for 127.0.0.1 at 2013-11-30 09:21:42 +1100
Processing by MoviesController#index as HTML
  [1m[35mMovie Load (47.5ms)[0m  SELECT "movies".* FROM "movies" WHERE "movies"."rating" IN ('G', 'PG', 'PG-13', 'NC-17', 'R')
  Rendered movies/index.html.haml within layouts/application (40.7ms)
Completed 200 OK in 590ms (Views: 123.8ms | ActiveRecord: 47.5ms)


Started GET "/assets/application.css?body=1" for 127.0.0.1 at 2013-11-30 09:21:45 +1100
Served asset /application.css - 304 Not Modified (0ms)


Started GET "/assets/jquery.js?body=1" for 127.0.0.1 at 2013-11-30 09:21:45 +1100
Served asset /jquery.js - 304 Not Modified (9ms)


Started GET "/assets/jquery_ujs.js?body=1" for 127.0.0.1 at 2013-11-30 09:21:45 +1100
Served asset /jquery_ujs.js - 304 Not Modified (0ms)


Started GET "/assets/application.js?body=1" for 127.0.0.1 at 2013-11-30 09:21:45 +1100
Served asset /application.js - 304 Not Modified (27ms)


Started GET "/movies/1" for 127.0.0.1 at 2013-11-30 09:21:49 +1100
Processing by MoviesController#show as HTML
  Parameters: {"id"=>"1"}
Completed 500 Internal Server Error in 13ms

NameError (undefined local variable or method `id' for #<MoviesController:0xb5f5c750>):
  app/controllers/movies_controller.rb:5:in `show'


  Rendered /home/zafar/.rvm/gems/ruby-2.0.0-p353/gems/actionpack-3.2.14/lib/action_dispatch/middleware/templates/rescues/_trace.erb (4.4ms)
  Rendered /home/zafar/.rvm/gems/ruby-2.0.0-p353/gems/actionpack-3.2.14/lib/action_dispatch/middleware/templates/rescues/_request_and_response.erb (15.9ms)
  Rendered /home/zafar/.rvm/gems/ruby-2.0.0-p353/gems/actionpack-3.2.14/lib/action_dispatch/middleware/templates/rescues/diagnostics.erb within rescues/layout (82.5ms)


Started GET "/movies/1" for 127.0.0.1 at 2013-11-30 09:22:11 +1100
Processing by MoviesController#show as HTML
  Parameters: {"id"=>"1"}
  [1m[36mMovie Load (0.2ms)[0m  [1mSELECT "movies".* FROM "movies" WHERE "movies"."id" = ? LIMIT 1[0m  [["id", "1"]]
  Rendered movies/show.html.haml within layouts/application (5.8ms)
Completed 200 OK in 20ms (Views: 11.0ms | ActiveRecord: 0.2ms)


Started GET "/assets/application.css?body=1" for 127.0.0.1 at 2013-11-30 09:22:11 +1100
Served asset /application.css - 304 Not Modified (0ms)


Started GET "/assets/jquery.js?body=1" for 127.0.0.1 at 2013-11-30 09:22:11 +1100
Served asset /jquery.js - 304 Not Modified (0ms)


Started GET "/assets/jquery_ujs.js?body=1" for 127.0.0.1 at 2013-11-30 09:22:11 +1100
Served asset /jquery_ujs.js - 304 Not Modified (0ms)


Started GET "/assets/application.js?body=1" for 127.0.0.1 at 2013-11-30 09:22:11 +1100
Served asset /application.js - 304 Not Modified (1ms)


Started GET "/movies/1/similar" for 127.0.0.1 at 2013-11-30 09:22:16 +1100
Processing by MoviesController#similar as HTML
  Parameters: {"movie_id"=>"1"}
  [1m[35mMovie Load (0.3ms)[0m  SELECT "movies".* FROM "movies" WHERE "movies"."id" = ? LIMIT 1  [["id", "1"]]
  [1m[36mMovie Load (0.5ms)[0m  [1mSELECT "movies".* FROM "movies" WHERE "movies"."director" = 'George Lucas' LIMIT 1[0m
  Rendered movies/similar.html.haml within layouts/application (11.9ms)
Completed 500 Internal Server Error in 85ms

ActionView::Template::Error (Inconsistent indentation: "\t  " used for indentation, but the rest of the document was indented using 2 spaces.):
    11:     %tbody
    12:       - @movies.each do |movie|
    13:         %tr
    14: 	  %td= movie.title
    15: 	  %td= movie.rating
    16: 	  %td= movie.release_date
    17: 	  %td= movie.director
  app/views/movies/similar.html.haml:14


  Rendered /home/zafar/.rvm/gems/ruby-2.0.0-p353/gems/actionpack-3.2.14/lib/action_dispatch/middleware/templates/rescues/_trace.erb (7.8ms)
  Rendered /home/zafar/.rvm/gems/ruby-2.0.0-p353/gems/actionpack-3.2.14/lib/action_dispatch/middleware/templates/rescues/_request_and_response.erb (9.0ms)
  Rendered /home/zafar/.rvm/gems/ruby-2.0.0-p353/gems/actionpack-3.2.14/lib/action_dispatch/middleware/templates/rescues/template_error.erb within rescues/layout (65.0ms)


Started GET "/movies/1/similar" for 127.0.0.1 at 2013-11-30 09:23:36 +1100
Processing by MoviesController#similar as HTML
  Parameters: {"movie_id"=>"1"}
  [1m[35mMovie Load (0.3ms)[0m  SELECT "movies".* FROM "movies" WHERE "movies"."id" = ? LIMIT 1  [["id", "1"]]
  [1m[36mMovie Load (0.6ms)[0m  [1mSELECT "movies".* FROM "movies" WHERE "movies"."director" = 'George Lucas' LIMIT 1[0m
  Rendered movies/similar.html.haml within layouts/application (25.3ms)
Completed 500 Internal Server Error in 64ms

ActionView::Template::Error (Inconsistent indentation: "\t  " used for indentation, but the rest of the document was indented using 2 spaces.):
    12:       - @movies.each do |movie|
    13:         %tr
    14:           %td= movie.title
    15: 	  %td= movie.rating
    16: 	  %td= movie.release_date
    17: 	  %td= movie.director
    18: 	  %td= link_to "More about #{movie.titel}", movie_path(movie)
  app/views/movies/similar.html.haml:15


  Rendered /home/zafar/.rvm/gems/ruby-2.0.0-p353/gems/actionpack-3.2.14/lib/action_dispatch/middleware/templates/rescues/_trace.erb (10.6ms)
  Rendered /home/zafar/.rvm/gems/ruby-2.0.0-p353/gems/actionpack-3.2.14/lib/action_dispatch/middleware/templates/rescues/_request_and_response.erb (8.3ms)
  Rendered /home/zafar/.rvm/gems/ruby-2.0.0-p353/gems/actionpack-3.2.14/lib/action_dispatch/middleware/templates/rescues/template_error.erb within rescues/layout (432.8ms)


Started GET "/movies/1/similar" for 127.0.0.1 at 2013-11-30 09:24:13 +1100
Processing by MoviesController#similar as HTML
  Parameters: {"movie_id"=>"1"}
  [1m[35mMovie Load (0.3ms)[0m  SELECT "movies".* FROM "movies" WHERE "movies"."id" = ? LIMIT 1  [["id", "1"]]
  [1m[36mMovie Load (0.7ms)[0m  [1mSELECT "movies".* FROM "movies" WHERE "movies"."director" = 'George Lucas' LIMIT 1[0m
  Rendered movies/similar.html.haml within layouts/application (43.3ms)
Completed 500 Internal Server Error in 86ms

ActionView::Template::Error (undefined method `each' for #<Movie:0xb2641d8>):
    9:       %th Director
    10:       %th More Info
    11:     %tbody
    12:       - @movies.each do |movie|
    13:         %tr
    14:           %td= movie.title
    15:           %td= movie.rating
  app/views/movies/similar.html.haml:12:in `_app_views_movies_similar_html_haml___772062179_94076210'


  Rendered /home/zafar/.rvm/gems/ruby-2.0.0-p353/gems/actionpack-3.2.14/lib/action_dispatch/middleware/templates/rescues/_trace.erb (10.1ms)
  Rendered /home/zafar/.rvm/gems/ruby-2.0.0-p353/gems/actionpack-3.2.14/lib/action_dispatch/middleware/templates/rescues/_request_and_response.erb (8.1ms)
  Rendered /home/zafar/.rvm/gems/ruby-2.0.0-p353/gems/actionpack-3.2.14/lib/action_dispatch/middleware/templates/rescues/template_error.erb within rescues/layout (82.5ms)


Started GET "/movies" for 127.0.0.1 at 2013-11-30 09:26:46 +1100
Processing by MoviesController#index as HTML
  [1m[35mMovie Load (0.7ms)[0m  SELECT "movies".* FROM "movies" WHERE "movies"."rating" IN ('G', 'PG', 'PG-13', 'NC-17', 'R')
  Rendered movies/index.html.haml within layouts/application (26.5ms)
Completed 200 OK in 83ms (Views: 63.6ms | ActiveRecord: 0.7ms)


Started GET "/assets/application.css?body=1" for 127.0.0.1 at 2013-11-30 09:26:47 +1100
Served asset /application.css - 304 Not Modified (0ms)


Started GET "/assets/jquery.js?body=1" for 127.0.0.1 at 2013-11-30 09:26:47 +1100
Served asset /jquery.js - 304 Not Modified (6ms)


Started GET "/assets/jquery_ujs.js?body=1" for 127.0.0.1 at 2013-11-30 09:26:47 +1100
Served asset /jquery_ujs.js - 304 Not Modified (1ms)


Started GET "/assets/application.js?body=1" for 127.0.0.1 at 2013-11-30 09:26:47 +1100
Served asset /application.js - 304 Not Modified (11ms)


Started GET "/movies/2" for 127.0.0.1 at 2013-11-30 09:26:51 +1100
Processing by MoviesController#show as HTML
  Parameters: {"id"=>"2"}
  [1m[36mMovie Load (1.0ms)[0m  [1mSELECT "movies".* FROM "movies" WHERE "movies"."id" = ? LIMIT 1[0m  [["id", "2"]]
  Rendered movies/show.html.haml within layouts/application (9.9ms)
Completed 200 OK in 62ms (Views: 49.9ms | ActiveRecord: 1.0ms)


Started GET "/assets/jquery.js?body=1" for 127.0.0.1 at 2013-11-30 09:26:52 +1100
Served asset /jquery.js - 304 Not Modified (2ms)


Started GET "/assets/application.css?body=1" for 127.0.0.1 at 2013-11-30 09:26:52 +1100
Served asset /application.css - 304 Not Modified (0ms)


Started GET "/assets/jquery_ujs.js?body=1" for 127.0.0.1 at 2013-11-30 09:26:52 +1100
Served asset /jquery_ujs.js - 304 Not Modified (0ms)


Started GET "/assets/application.js?body=1" for 127.0.0.1 at 2013-11-30 09:26:52 +1100
Served asset /application.js - 304 Not Modified (4ms)


Started GET "/movies/2/similar" for 127.0.0.1 at 2013-11-30 09:26:54 +1100
Processing by MoviesController#similar as HTML
  Parameters: {"movie_id"=>"2"}
  [1m[35mMovie Load (0.5ms)[0m  SELECT "movies".* FROM "movies" WHERE "movies"."id" = ? LIMIT 1  [["id", "2"]]
  [1m[36mMovie Load (0.3ms)[0m  [1mSELECT "movies".* FROM "movies" WHERE "movies"."director" = 'George Lucas' LIMIT 1[0m
  Rendered movies/similar.html.haml within layouts/application (12.4ms)
Completed 500 Internal Server Error in 53ms

ActionView::Template::Error (undefined method `each' for #<Movie:0xb52082c0>):
    9:       %th Director
    10:       %th More Info
    11:     %tbody
    12:       - @movies.each do |movie|
    13:         %tr
    14:           %td= movie.title
    15:           %td= movie.rating
  app/views/movies/similar.html.haml:12:in `_app_views_movies_similar_html_haml___772062179_94076210'


  Rendered /home/zafar/.rvm/gems/ruby-2.0.0-p353/gems/actionpack-3.2.14/lib/action_dispatch/middleware/templates/rescues/_trace.erb (6.2ms)
  Rendered /home/zafar/.rvm/gems/ruby-2.0.0-p353/gems/actionpack-3.2.14/lib/action_dispatch/middleware/templates/rescues/_request_and_response.erb (14.6ms)
  Rendered /home/zafar/.rvm/gems/ruby-2.0.0-p353/gems/actionpack-3.2.14/lib/action_dispatch/middleware/templates/rescues/template_error.erb within rescues/layout (65.8ms)


Started GET "/movies/2/similar" for 127.0.0.1 at 2013-11-30 09:28:21 +1100
Processing by MoviesController#similar as HTML
  Parameters: {"movie_id"=>"2"}
  [1m[35mMovie Load (0.4ms)[0m  SELECT "movies".* FROM "movies" WHERE "movies"."id" = ? LIMIT 1  [["id", "2"]]
  [1m[36mMovie Load (0.5ms)[0m  [1mSELECT "movies".* FROM "movies" WHERE "movies"."director" = 'George Lucas' LIMIT 1[0m
  Rendered movies/similar.html.haml within layouts/application (37.9ms)
Completed 500 Internal Server Error in 72ms

ActionView::Template::Error (undefined method `each' for #<Movie:0xb5309ae8>):
    9:       %th Director
    10:       %th More Info
    11:     %tbody
    12:       - @movies.each do |movie|
    13:         %tr
    14:           %td= movie.title
    15:           %td= movie.rating
  app/views/movies/similar.html.haml:12:in `_app_views_movies_similar_html_haml___772062179__627555128'


  Rendered /home/zafar/.rvm/gems/ruby-2.0.0-p353/gems/actionpack-3.2.14/lib/action_dispatch/middleware/templates/rescues/_trace.erb (9.0ms)
  Rendered /home/zafar/.rvm/gems/ruby-2.0.0-p353/gems/actionpack-3.2.14/lib/action_dispatch/middleware/templates/rescues/_request_and_response.erb (9.7ms)
  Rendered /home/zafar/.rvm/gems/ruby-2.0.0-p353/gems/actionpack-3.2.14/lib/action_dispatch/middleware/templates/rescues/template_error.erb within rescues/layout (67.7ms)


Started GET "/movies/2/similar" for 127.0.0.1 at 2013-11-30 09:30:31 +1100
Processing by MoviesController#similar as HTML
  Parameters: {"movie_id"=>"2"}
  [1m[35mMovie Load (0.7ms)[0m  SELECT "movies".* FROM "movies" WHERE "movies"."id" = ? LIMIT 1  [["id", "2"]]
Completed 500 Internal Server Error in 77ms

NoMethodError (undefined method `similar_directors' for #<Class:0xb4873188>):
  app/controllers/movies_controller.rb:73:in `similar'


  Rendered /home/zafar/.rvm/gems/ruby-2.0.0-p353/gems/actionpack-3.2.14/lib/action_dispatch/middleware/templates/rescues/_trace.erb (11.6ms)
  Rendered /home/zafar/.rvm/gems/ruby-2.0.0-p353/gems/actionpack-3.2.14/lib/action_dispatch/middleware/templates/rescues/_request_and_response.erb (4.0ms)
  Rendered /home/zafar/.rvm/gems/ruby-2.0.0-p353/gems/actionpack-3.2.14/lib/action_dispatch/middleware/templates/rescues/diagnostics.erb within rescues/layout (58.4ms)


Started GET "/movies/2/similar" for 127.0.0.1 at 2013-11-30 09:32:21 +1100

SyntaxError (/home/zafar/workspace/CS169/CS169.1x/HW4/rottenpotatoes/app/models/movie.rb:8: syntax error, unexpected keyword_end, expecting ')'):
  app/controllers/movies_controller.rb:1:in `<top (required)>'


  Rendered /home/zafar/.rvm/gems/ruby-2.0.0-p353/gems/actionpack-3.2.14/lib/action_dispatch/middleware/templates/rescues/_trace.erb (14.7ms)
  Rendered /home/zafar/.rvm/gems/ruby-2.0.0-p353/gems/actionpack-3.2.14/lib/action_dispatch/middleware/templates/rescues/_request_and_response.erb (4.5ms)
  Rendered /home/zafar/.rvm/gems/ruby-2.0.0-p353/gems/actionpack-3.2.14/lib/action_dispatch/middleware/templates/rescues/diagnostics.erb within rescues/layout (89.0ms)


Started GET "/movies/2/similar" for 127.0.0.1 at 2013-11-30 09:32:51 +1100

SyntaxError (/home/zafar/workspace/CS169/CS169.1x/HW4/rottenpotatoes/app/models/movie.rb:8: syntax error, unexpected keyword_end, expecting ')'):
  app/controllers/movies_controller.rb:1:in `<top (required)>'


  Rendered /home/zafar/.rvm/gems/ruby-2.0.0-p353/gems/actionpack-3.2.14/lib/action_dispatch/middleware/templates/rescues/_trace.erb (13.5ms)
  Rendered /home/zafar/.rvm/gems/ruby-2.0.0-p353/gems/actionpack-3.2.14/lib/action_dispatch/middleware/templates/rescues/_request_and_response.erb (20.4ms)
  Rendered /home/zafar/.rvm/gems/ruby-2.0.0-p353/gems/actionpack-3.2.14/lib/action_dispatch/middleware/templates/rescues/diagnostics.erb within rescues/layout (98.7ms)


Started GET "/movies/2/similar" for 127.0.0.1 at 2013-11-30 09:33:23 +1100
Processing by MoviesController#similar as HTML
  Parameters: {"movie_id"=>"2"}
  [1m[36mMovie Load (0.9ms)[0m  [1mSELECT "movies".* FROM "movies" WHERE "movies"."id" = ? LIMIT 1[0m  [["id", "2"]]
  [1m[35mMovie Load (0.6ms)[0m  SELECT "movies".* FROM "movies" WHERE "movies"."director" = 'George Lucas'
  Rendered movies/similar.html.haml within layouts/application (11.1ms)
Completed 500 Internal Server Error in 139ms

ActionView::Template::Error (undefined method `titel' for #<Movie:0xb5239c30>):
    15:           %td= movie.rating
    16:           %td= movie.release_date
    17:           %td= movie.director
    18:           %td= link_to "More about #{movie.titel}", movie_path(movie)
    19: = link_to 'Back', movie_path(@movie)
  app/views/movies/similar.html.haml:18:in `block in _app_views_movies_similar_html_haml___772062179__627555128'
  app/views/movies/similar.html.haml:12:in `_app_views_movies_similar_html_haml___772062179__627555128'


  Rendered /home/zafar/.rvm/gems/ruby-2.0.0-p353/gems/actionpack-3.2.14/lib/action_dispatch/middleware/templates/rescues/_trace.erb (11.8ms)
  Rendered /home/zafar/.rvm/gems/ruby-2.0.0-p353/gems/actionpack-3.2.14/lib/action_dispatch/middleware/templates/rescues/_request_and_response.erb (27.5ms)
  Rendered /home/zafar/.rvm/gems/ruby-2.0.0-p353/gems/actionpack-3.2.14/lib/action_dispatch/middleware/templates/rescues/template_error.erb within rescues/layout (92.9ms)


Started GET "/movies/2/similar" for 127.0.0.1 at 2013-11-30 09:34:21 +1100
Processing by MoviesController#similar as HTML
  Parameters: {"movie_id"=>"2"}
  [1m[36mMovie Load (0.4ms)[0m  [1mSELECT "movies".* FROM "movies" WHERE "movies"."id" = ? LIMIT 1[0m  [["id", "2"]]
  [1m[35mMovie Load (0.5ms)[0m  SELECT "movies".* FROM "movies" WHERE "movies"."director" = 'George Lucas'
  Rendered movies/similar.html.haml within layouts/application (72.5ms)
Completed 200 OK in 110ms (Views: 106.2ms | ActiveRecord: 0.9ms)


Started GET "/assets/application.css?body=1" for 127.0.0.1 at 2013-11-30 09:34:22 +1100
Served asset /application.css - 304 Not Modified (0ms)


Started GET "/assets/jquery.js?body=1" for 127.0.0.1 at 2013-11-30 09:34:22 +1100
Served asset /jquery.js - 304 Not Modified (7ms)


Started GET "/assets/jquery_ujs.js?body=1" for 127.0.0.1 at 2013-11-30 09:34:22 +1100
Served asset /jquery_ujs.js - 304 Not Modified (1ms)


Started GET "/assets/application.js?body=1" for 127.0.0.1 at 2013-11-30 09:34:22 +1100
Served asset /application.js - 304 Not Modified (6ms)


Started GET "/movies/1" for 127.0.0.1 at 2013-11-30 09:34:31 +1100
Processing by MoviesController#show as HTML
  Parameters: {"id"=>"1"}
  [1m[36mMovie Load (0.3ms)[0m  [1mSELECT "movies".* FROM "movies" WHERE "movies"."id" = ? LIMIT 1[0m  [["id", "1"]]
  Rendered movies/show.html.haml within layouts/application (18.2ms)
Completed 200 OK in 70ms (Views: 62.9ms | ActiveRecord: 0.3ms)


Started GET "/assets/application.css?body=1" for 127.0.0.1 at 2013-11-30 09:34:31 +1100
Served asset /application.css - 304 Not Modified (0ms)


Started GET "/assets/jquery.js?body=1" for 127.0.0.1 at 2013-11-30 09:34:31 +1100
Served asset /jquery.js - 304 Not Modified (8ms)


Started GET "/assets/jquery_ujs.js?body=1" for 127.0.0.1 at 2013-11-30 09:34:31 +1100
Served asset /jquery_ujs.js - 304 Not Modified (0ms)


Started GET "/assets/application.js?body=1" for 127.0.0.1 at 2013-11-30 09:34:31 +1100
Served asset /application.js - 304 Not Modified (9ms)


Started GET "/movies/1/similar" for 127.0.0.1 at 2013-11-30 09:34:34 +1100
Processing by MoviesController#similar as HTML
  Parameters: {"movie_id"=>"1"}
  [1m[35mMovie Load (0.3ms)[0m  SELECT "movies".* FROM "movies" WHERE "movies"."id" = ? LIMIT 1  [["id", "1"]]
  [1m[36mMovie Load (0.6ms)[0m  [1mSELECT "movies".* FROM "movies" WHERE "movies"."director" = 'George Lucas'[0m
  Rendered movies/similar.html.haml within layouts/application (11.5ms)
Completed 200 OK in 68ms (Views: 51.5ms | ActiveRecord: 0.9ms)


Started GET "/assets/application.css?body=1" for 127.0.0.1 at 2013-11-30 09:34:35 +1100
Served asset /application.css - 304 Not Modified (0ms)


Started GET "/assets/jquery.js?body=1" for 127.0.0.1 at 2013-11-30 09:34:35 +1100
Served asset /jquery.js - 304 Not Modified (3ms)


Started GET "/assets/jquery_ujs.js?body=1" for 127.0.0.1 at 2013-11-30 09:34:35 +1100
Served asset /jquery_ujs.js - 304 Not Modified (0ms)


Started GET "/assets/application.js?body=1" for 127.0.0.1 at 2013-11-30 09:34:35 +1100
Served asset /application.js - 304 Not Modified (11ms)
Connecting to database specified by database.yml
  [1m[36m (0.3ms)[0m  [1mSELECT "schema_migrations"."version" FROM "schema_migrations" [0m
  [1m[35m (0.6ms)[0m  select sqlite_version(*)
  [1m[36m (65.4ms)[0m  [1mCREATE TABLE "movies" ("id" INTEGER PRIMARY KEY AUTOINCREMENT NOT NULL, "title" varchar(255), "rating" varchar(255), "description" text, "release_date" datetime, "created_at" datetime NOT NULL, "updated_at" datetime NOT NULL, "director" varchar(255)) [0m
  [1m[35m (31.3ms)[0m  CREATE TABLE "schema_migrations" ("version" varchar(255) NOT NULL) 
  [1m[36m (12.7ms)[0m  [1mCREATE UNIQUE INDEX "unique_schema_migrations" ON "schema_migrations" ("version")[0m
  [1m[35m (0.2ms)[0m  SELECT version FROM "schema_migrations"
  [1m[36m (15.6ms)[0m  [1mINSERT INTO "schema_migrations" (version) VALUES ('20131128215104')[0m
  [1m[35m (13.6ms)[0m  INSERT INTO "schema_migrations" (version) VALUES ('20111119180638')
Connecting to database specified by database.yml
  [1m[36m (0.4ms)[0m  [1mSELECT "schema_migrations"."version" FROM "schema_migrations" [0m
  [1m[35m (0.6ms)[0m  select sqlite_version(*)
  [1m[36m (22.4ms)[0m  [1mCREATE TABLE "movies" ("id" INTEGER PRIMARY KEY AUTOINCREMENT NOT NULL, "title" varchar(255), "rating" varchar(255), "description" text, "release_date" datetime, "created_at" datetime NOT NULL, "updated_at" datetime NOT NULL, "director" varchar(255)) [0m
  [1m[35m (23.0ms)[0m  CREATE TABLE "schema_migrations" ("version" varchar(255) NOT NULL) 
  [1m[36m (22.3ms)[0m  [1mCREATE UNIQUE INDEX "unique_schema_migrations" ON "schema_migrations" ("version")[0m
  [1m[35m (0.2ms)[0m  SELECT version FROM "schema_migrations"
  [1m[36m (12.0ms)[0m  [1mINSERT INTO "schema_migrations" (version) VALUES ('20131128215104')[0m
  [1m[35m (13.5ms)[0m  INSERT INTO "schema_migrations" (version) VALUES ('20111119180638')
Connecting to database specified by database.yml
  [1m[36m (0.3ms)[0m  [1mSELECT "schema_migrations"."version" FROM "schema_migrations" [0m
  [1m[35m (0.6ms)[0m  select sqlite_version(*)
  [1m[36m (22.3ms)[0m  [1mCREATE TABLE "movies" ("id" INTEGER PRIMARY KEY AUTOINCREMENT NOT NULL, "title" varchar(255), "rating" varchar(255), "description" text, "release_date" datetime, "created_at" datetime NOT NULL, "updated_at" datetime NOT NULL, "director" varchar(255)) [0m
  [1m[35m (19.3ms)[0m  CREATE TABLE "schema_migrations" ("version" varchar(255) NOT NULL) 
  [1m[36m (13.3ms)[0m  [1mCREATE UNIQUE INDEX "unique_schema_migrations" ON "schema_migrations" ("version")[0m
  [1m[35m (0.2ms)[0m  SELECT version FROM "schema_migrations"
  [1m[36m (21.4ms)[0m  [1mINSERT INTO "schema_migrations" (version) VALUES ('20131128215104')[0m
  [1m[35m (21.7ms)[0m  INSERT INTO "schema_migrations" (version) VALUES ('20111119180638')
Connecting to database specified by database.yml
  [1m[36m (0.1ms)[0m  [1mSELECT "schema_migrations"."version" FROM "schema_migrations" [0m
  [1m[35m (0.3ms)[0m  select sqlite_version(*)
  [1m[36m (15.6ms)[0m  [1mCREATE TABLE "movies" ("id" INTEGER PRIMARY KEY AUTOINCREMENT NOT NULL, "title" varchar(255), "rating" varchar(255), "description" text, "release_date" datetime, "created_at" datetime NOT NULL, "updated_at" datetime NOT NULL, "director" varchar(255)) [0m
  [1m[35m (18.4ms)[0m  CREATE TABLE "schema_migrations" ("version" varchar(255) NOT NULL) 
  [1m[36m (26.7ms)[0m  [1mCREATE UNIQUE INDEX "unique_schema_migrations" ON "schema_migrations" ("version")[0m
  [1m[35m (0.1ms)[0m  SELECT version FROM "schema_migrations"
  [1m[36m (6.6ms)[0m  [1mINSERT INTO "schema_migrations" (version) VALUES ('20131128215104')[0m
  [1m[35m (9.1ms)[0m  INSERT INTO "schema_migrations" (version) VALUES ('20111119180638')
Connecting to database specified by database.yml
  [1m[36m (0.3ms)[0m  [1mSELECT "schema_migrations"."version" FROM "schema_migrations" [0m
  [1m[35m (2.6ms)[0m  select sqlite_version(*)
  [1m[36m (29.9ms)[0m  [1mCREATE TABLE "movies" ("id" INTEGER PRIMARY KEY AUTOINCREMENT NOT NULL, "title" varchar(255), "rating" varchar(255), "description" text, "release_date" datetime, "created_at" datetime NOT NULL, "updated_at" datetime NOT NULL, "director" varchar(255)) [0m
  [1m[35m (23.1ms)[0m  CREATE TABLE "schema_migrations" ("version" varchar(255) NOT NULL) 
  [1m[36m (23.2ms)[0m  [1mCREATE UNIQUE INDEX "unique_schema_migrations" ON "schema_migrations" ("version")[0m
  [1m[35m (0.2ms)[0m  SELECT version FROM "schema_migrations"
  [1m[36m (24.3ms)[0m  [1mINSERT INTO "schema_migrations" (version) VALUES ('20131128215104')[0m
  [1m[35m (14.1ms)[0m  INSERT INTO "schema_migrations" (version) VALUES ('20111119180638')
Connecting to database specified by database.yml
  [1m[36m (0.4ms)[0m  [1mSELECT "schema_migrations"."version" FROM "schema_migrations" [0m
  [1m[35m (0.8ms)[0m  select sqlite_version(*)
  [1m[36m (21.9ms)[0m  [1mCREATE TABLE "movies" ("id" INTEGER PRIMARY KEY AUTOINCREMENT NOT NULL, "title" varchar(255), "rating" varchar(255), "description" text, "release_date" datetime, "created_at" datetime NOT NULL, "updated_at" datetime NOT NULL, "director" varchar(255)) [0m
  [1m[35m (15.9ms)[0m  CREATE TABLE "schema_migrations" ("version" varchar(255) NOT NULL) 
  [1m[36m (34.4ms)[0m  [1mCREATE UNIQUE INDEX "unique_schema_migrations" ON "schema_migrations" ("version")[0m
  [1m[35m (0.3ms)[0m  SELECT version FROM "schema_migrations"
  [1m[36m (15.3ms)[0m  [1mINSERT INTO "schema_migrations" (version) VALUES ('20131128215104')[0m
  [1m[35m (14.0ms)[0m  INSERT INTO "schema_migrations" (version) VALUES ('20111119180638')
Connecting to database specified by database.yml
  [1m[36m (1.1ms)[0m  [1mSELECT "schema_migrations"."version" FROM "schema_migrations" [0m
  [1m[35m (0.7ms)[0m  select sqlite_version(*)
  [1m[36m (98.1ms)[0m  [1mCREATE TABLE "movies" ("id" INTEGER PRIMARY KEY AUTOINCREMENT NOT NULL, "title" varchar(255), "rating" varchar(255), "description" text, "release_date" datetime, "created_at" datetime NOT NULL, "updated_at" datetime NOT NULL, "director" varchar(255)) [0m
  [1m[35m (15.0ms)[0m  CREATE TABLE "schema_migrations" ("version" varchar(255) NOT NULL) 
  [1m[36m (14.6ms)[0m  [1mCREATE UNIQUE INDEX "unique_schema_migrations" ON "schema_migrations" ("version")[0m
  [1m[35m (0.2ms)[0m  SELECT version FROM "schema_migrations"
  [1m[36m (13.0ms)[0m  [1mINSERT INTO "schema_migrations" (version) VALUES ('20131128215104')[0m
  [1m[35m (20.0ms)[0m  INSERT INTO "schema_migrations" (version) VALUES ('20111119180638')
Connecting to database specified by database.yml
  [1m[36m (0.3ms)[0m  [1mSELECT "schema_migrations"."version" FROM "schema_migrations" [0m
  [1m[35m (0.7ms)[0m  select sqlite_version(*)
  [1m[36m (45.5ms)[0m  [1mCREATE TABLE "movies" ("id" INTEGER PRIMARY KEY AUTOINCREMENT NOT NULL, "title" varchar(255), "rating" varchar(255), "description" text, "release_date" datetime, "created_at" datetime NOT NULL, "updated_at" datetime NOT NULL, "director" varchar(255)) [0m
  [1m[35m (15.4ms)[0m  CREATE TABLE "schema_migrations" ("version" varchar(255) NOT NULL) 
  [1m[36m (13.9ms)[0m  [1mCREATE UNIQUE INDEX "unique_schema_migrations" ON "schema_migrations" ("version")[0m
  [1m[35m (0.3ms)[0m  SELECT version FROM "schema_migrations"
  [1m[36m (32.7ms)[0m  [1mINSERT INTO "schema_migrations" (version) VALUES ('20131128215104')[0m
  [1m[35m (13.9ms)[0m  INSERT INTO "schema_migrations" (version) VALUES ('20111119180638')
Connecting to database specified by database.yml
  [1m[36m (0.1ms)[0m  [1mSELECT "schema_migrations"."version" FROM "schema_migrations" [0m
  [1m[35m (0.2ms)[0m  select sqlite_version(*)
  [1m[36m (37.0ms)[0m  [1mCREATE TABLE "movies" ("id" INTEGER PRIMARY KEY AUTOINCREMENT NOT NULL, "title" varchar(255), "rating" varchar(255), "description" text, "release_date" datetime, "created_at" datetime NOT NULL, "updated_at" datetime NOT NULL, "director" varchar(255)) [0m
  [1m[35m (14.9ms)[0m  CREATE TABLE "schema_migrations" ("version" varchar(255) NOT NULL) 
  [1m[36m (20.7ms)[0m  [1mCREATE UNIQUE INDEX "unique_schema_migrations" ON "schema_migrations" ("version")[0m
  [1m[35m (0.1ms)[0m  SELECT version FROM "schema_migrations"
  [1m[36m (7.5ms)[0m  [1mINSERT INTO "schema_migrations" (version) VALUES ('20131128215104')[0m
  [1m[35m (24.2ms)[0m  INSERT INTO "schema_migrations" (version) VALUES ('20111119180638')
Connecting to database specified by database.yml
  [1m[36m (0.3ms)[0m  [1mSELECT "schema_migrations"."version" FROM "schema_migrations" [0m
  [1m[35m (0.7ms)[0m  select sqlite_version(*)
  [1m[36m (27.4ms)[0m  [1mCREATE TABLE "movies" ("id" INTEGER PRIMARY KEY AUTOINCREMENT NOT NULL, "title" varchar(255), "rating" varchar(255), "description" text, "release_date" datetime, "created_at" datetime NOT NULL, "updated_at" datetime NOT NULL, "director" varchar(255)) [0m
  [1m[35m (12.4ms)[0m  CREATE TABLE "schema_migrations" ("version" varchar(255) NOT NULL) 
  [1m[36m (13.2ms)[0m  [1mCREATE UNIQUE INDEX "unique_schema_migrations" ON "schema_migrations" ("version")[0m
  [1m[35m (0.2ms)[0m  SELECT version FROM "schema_migrations"
  [1m[36m (12.4ms)[0m  [1mINSERT INTO "schema_migrations" (version) VALUES ('20131128215104')[0m
  [1m[35m (14.7ms)[0m  INSERT INTO "schema_migrations" (version) VALUES ('20111119180638')
Connecting to database specified by database.yml
  [1m[36m (0.6ms)[0m  [1mSELECT "schema_migrations"."version" FROM "schema_migrations" [0m
  [1m[35m (3.7ms)[0m  select sqlite_version(*)
  [1m[36m (29.5ms)[0m  [1mCREATE TABLE "movies" ("id" INTEGER PRIMARY KEY AUTOINCREMENT NOT NULL, "title" varchar(255), "rating" varchar(255), "description" text, "release_date" datetime, "created_at" datetime NOT NULL, "updated_at" datetime NOT NULL, "director" varchar(255)) [0m
  [1m[35m (23.5ms)[0m  CREATE TABLE "schema_migrations" ("version" varchar(255) NOT NULL) 
  [1m[36m (17.1ms)[0m  [1mCREATE UNIQUE INDEX "unique_schema_migrations" ON "schema_migrations" ("version")[0m
  [1m[35m (0.2ms)[0m  SELECT version FROM "schema_migrations"
  [1m[36m (19.7ms)[0m  [1mINSERT INTO "schema_migrations" (version) VALUES ('20131128215104')[0m
  [1m[35m (17.6ms)[0m  INSERT INTO "schema_migrations" (version) VALUES ('20111119180638')
Connecting to database specified by database.yml
  [1m[36m (0.3ms)[0m  [1mSELECT "schema_migrations"."version" FROM "schema_migrations" [0m
  [1m[35m (0.7ms)[0m  select sqlite_version(*)
  [1m[36m (21.8ms)[0m  [1mCREATE TABLE "movies" ("id" INTEGER PRIMARY KEY AUTOINCREMENT NOT NULL, "title" varchar(255), "rating" varchar(255), "description" text, "release_date" datetime, "created_at" datetime NOT NULL, "updated_at" datetime NOT NULL, "director" varchar(255)) [0m
  [1m[35m (28.9ms)[0m  CREATE TABLE "schema_migrations" ("version" varchar(255) NOT NULL) 
  [1m[36m (14.4ms)[0m  [1mCREATE UNIQUE INDEX "unique_schema_migrations" ON "schema_migrations" ("version")[0m
  [1m[35m (0.2ms)[0m  SELECT version FROM "schema_migrations"
  [1m[36m (22.1ms)[0m  [1mINSERT INTO "schema_migrations" (version) VALUES ('20131128215104')[0m
  [1m[35m (35.1ms)[0m  INSERT INTO "schema_migrations" (version) VALUES ('20111119180638')
